<?xml version="1.0" encoding="UTF-8"?>
<!-- Generated by org.testng.reporters.JUnitXMLReporter -->
<testsuite hostname="IN5CG6130867" ignored="0" name="HR_Orange_Test" tests="4" failures="0" timestamp="15 Jan 2021 06:43:11 GMT" time="72.564" errors="0">
  <testcase name="Website_launch" time="44.303" classname="com.selenium.AllinONE"/>
  <testcase name="launch_aap" time="12.701" classname="com.selenium.Orange_login"/>
  <testcase name="Text" time="1.373" classname="com.selenium.AllinONE"/>
  <testcase name="Weblist_dropdown" time="1.122" classname="com.selenium.AllinONE"/>
</testsuite> <!-- HR_Orange_Test -->
