<?xml version="1.0" encoding="UTF-8"?>
<!-- Generated by org.testng.reporters.JUnitXMLReporter -->
<testsuite ignored="0" hostname="IN-PF2HW06P" failures="0" tests="4" name="Test2" time="35.926" errors="0" timestamp="2021-04-09T15:41:22 IST">
  <testcase classname="com.selenium.AllinONE" name="Website_launch" time="24.185"/>
  <testcase classname="com.selenium.AllinONE" name="Text" time="0.438"/>
  <testcase classname="com.selenium.AllinONE" name="Weblist_dropdown" time="0.589"/>
  <testcase classname="com.selenium.Orange_login" name="launch_aap" time="7.045"/>
</testsuite> <!-- Test2 -->
