<?xml version="1.0" encoding="UTF-8"?>
<!-- Generated by org.testng.reporters.JUnitXMLReporter -->
<testsuite hostname="IN5CG6130867" ignored="0" name="Test2" tests="4" failures="0" timestamp="28 Jan 2021 09:41:33 GMT" time="72.96" errors="0">
  <testcase name="Website_launch" time="44.197" classname="com.selenium.AllinONE"/>
  <testcase name="Text" time="1.908" classname="com.selenium.AllinONE"/>
  <testcase name="launch_aap" time="9.516" classname="com.selenium.Orange_login"/>
  <testcase name="Weblist_dropdown" time="2.157" classname="com.selenium.AllinONE"/>
</testsuite> <!-- Test2 -->
