<?xml version="1.0" encoding="UTF-8"?>
<testng-results ignored="0" total="2" passed="2" failed="0" skipped="0">
  <reporter-output>
  </reporter-output>
  <suite started-at="2021-04-21T12:06:57 IST" name="Default suite" finished-at="2021-04-21T12:07:16 IST" duration-ms="18953">
    <groups>
    </groups>
    <test started-at="2021-04-21T12:06:57 IST" name="Default test" finished-at="2021-04-21T12:07:16 IST" duration-ms="18953">
      <class name="com.org.orn.qa.testcases.LoginPageTest">
        <test-method is-config="true" signature="setup()[pri:0, instance:com.org.orn.qa.testcases.LoginPageTest@248e319b]" started-at="2021-04-21T12:06:57 IST" name="setup" finished-at="2021-04-21T12:07:04 IST" duration-ms="6319" status="PASS">
          <reporter-output>
          </reporter-output>
        </test-method> <!-- setup -->
        <test-method signature="title()[pri:0, instance:com.org.orn.qa.testcases.LoginPageTest@248e319b]" started-at="2021-04-21T12:07:04 IST" name="title" finished-at="2021-04-21T12:07:04 IST" duration-ms="15" status="PASS">
          <reporter-output>
          </reporter-output>
        </test-method> <!-- title -->
        <test-method is-config="true" signature="setup()[pri:0, instance:com.org.orn.qa.testcases.LoginPageTest@248e319b]" started-at="2021-04-21T12:07:04 IST" name="setup" finished-at="2021-04-21T12:07:09 IST" duration-ms="5731" status="PASS">
          <reporter-output>
          </reporter-output>
        </test-method> <!-- setup -->
        <test-method signature="loginTest()[pri:1, instance:com.org.orn.qa.testcases.LoginPageTest@248e319b]" started-at="2021-04-21T12:07:09 IST" name="loginTest" finished-at="2021-04-21T12:07:16 IST" duration-ms="6856" status="PASS">
          <reporter-output>
          </reporter-output>
        </test-method> <!-- loginTest -->
      </class> <!-- com.org.orn.qa.testcases.LoginPageTest -->
    </test> <!-- Default test -->
  </suite> <!-- Default suite -->
</testng-results>
