<?xml version="1.0" encoding="UTF-8"?>
<testng-results skipped="0" failed="1" ignored="0" total="7" passed="6">
  <reporter-output>
  </reporter-output>
  <suite name="Suite" duration-ms="119079" started-at="2020-12-22T09:53:45Z" finished-at="2020-12-22T09:55:45Z">
    <groups>
    </groups>
    <test name="HR_Orange_Test" duration-ms="119079" started-at="2020-12-22T09:53:45Z" finished-at="2020-12-22T09:55:45Z">
      <class name="com.selenium.Orange_login">
        <test-method status="PASS" signature="browser()[pri:0, instance:com.selenium.Orange_login@17c386de]" name="browser" is-config="true" duration-ms="4506" started-at="2020-12-22T15:24:53Z" finished-at="2020-12-22T15:24:57Z">
          <reporter-output>
          </reporter-output>
        </test-method> <!-- browser -->
        <test-method status="PASS" signature="launch_aap()[pri:1, instance:com.selenium.Orange_login@17c386de]" name="launch_aap" duration-ms="14480" started-at="2020-12-22T15:24:57Z" finished-at="2020-12-22T15:25:12Z">
          <reporter-output>
          </reporter-output>
        </test-method> <!-- launch_aap -->
        <test-method status="PASS" signature="close_browser()[pri:0, instance:com.selenium.Orange_login@17c386de]" name="close_browser" is-config="true" duration-ms="2060" started-at="2020-12-22T15:25:12Z" finished-at="2020-12-22T15:25:14Z">
          <reporter-output>
          </reporter-output>
        </test-method> <!-- close_browser -->
      </class> <!-- com.selenium.Orange_login -->
      <class name="com.selenium.AllinONE">
        <test-method status="PASS" signature="Browser_launch()[pri:0, instance:com.selenium.AllinONE@5ef60048]" name="Browser_launch" is-config="true" duration-ms="5837" started-at="2020-12-22T15:23:46Z" finished-at="2020-12-22T15:23:51Z">
          <reporter-output>
          </reporter-output>
        </test-method> <!-- Browser_launch -->
        <test-method status="PASS" signature="Website_launch()[pri:0, instance:com.selenium.AllinONE@5ef60048]" name="Website_launch" duration-ms="61575" started-at="2020-12-22T15:23:51Z" finished-at="2020-12-22T15:24:53Z">
          <reporter-output>
          </reporter-output>
        </test-method> <!-- Website_launch -->
        <test-method status="PASS" signature="Text()[pri:1, instance:com.selenium.AllinONE@5ef60048]" name="Text" duration-ms="4118" started-at="2020-12-22T15:25:32Z" finished-at="2020-12-22T15:25:36Z">
          <reporter-output>
          </reporter-output>
        </test-method> <!-- Text -->
        <test-method status="PASS" signature="Weblist_dropdown()[pri:2, instance:com.selenium.AllinONE@5ef60048]" name="Weblist_dropdown" duration-ms="884" started-at="2020-12-22T15:25:41Z" finished-at="2020-12-22T15:25:42Z">
          <reporter-output>
          </reporter-output>
        </test-method> <!-- Weblist_dropdown -->
        <test-method status="PASS" signature="close_browser()[pri:0, instance:com.selenium.AllinONE@5ef60048]" name="close_browser" is-config="true" duration-ms="1065" started-at="2020-12-22T15:25:42Z" finished-at="2020-12-22T15:25:43Z">
          <reporter-output>
          </reporter-output>
        </test-method> <!-- close_browser -->
      </class> <!-- com.selenium.AllinONE -->
      <class name="com.selenium.Recruitment">
        <test-method status="PASS" signature="browser()[pri:0, instance:com.selenium.Recruitment@5af97850]" name="browser" is-config="true" duration-ms="5630" started-at="2020-12-22T15:25:14Z" finished-at="2020-12-22T15:25:20Z">
          <reporter-output>
          </reporter-output>
        </test-method> <!-- browser -->
        <test-method status="PASS" signature="launch_aap()[pri:1, instance:com.selenium.Recruitment@5af97850]" name="launch_aap" duration-ms="12581" started-at="2020-12-22T15:25:20Z" finished-at="2020-12-22T15:25:32Z">
          <reporter-output>
          </reporter-output>
        </test-method> <!-- launch_aap -->
        <test-method status="FAIL" signature="Menu()[pri:2, instance:com.selenium.Recruitment@5af97850]" name="Menu" duration-ms="4381" started-at="2020-12-22T15:25:36Z" finished-at="2020-12-22T15:25:41Z">
          <exception class="org.openqa.selenium.StaleElementReferenceException">
            <message>
              <![CDATA[stale element reference: element is not attached to the page document
  (Session info: chrome=87.0.4280.88)
For documentation on this error, please visit: http://seleniumhq.org/exceptions/stale_element_reference.html
Build info: version: '3.11.0', revision: 'e59cfb3', time: '2018-03-11T20:26:55.152Z'
System info: host: 'IN5CG6130867', ip: '192.168.1.17', os.name: 'Windows 10', os.arch: 'amd64', os.version: '10.0', java.version: '1.8.0_201'
Driver info: org.openqa.selenium.chrome.ChromeDriver
Capabilities {acceptInsecureCerts: false, browserName: chrome, browserVersion: 87.0.4280.88, chrome: {chromedriverVersion: 87.0.4280.88 (89e2380a3e36c..., userDataDir: C:\Users\adey32\AppData\Loc...}, goog:chromeOptions: {debuggerAddress: localhost:64599}, javascriptEnabled: true, networkConnectionEnabled: false, pageLoadStrategy: normal, platform: WINDOWS, platformName: WINDOWS, proxy: Proxy(), setWindowRect: true, strictFileInteractability: false, timeouts: {implicit: 0, pageLoad: 300000, script: 30000}, unhandledPromptBehavior: dismiss and notify, webauthn:virtualAuthenticators: true}
Session ID: 7ae6f95264abb474a9449652c68dc398]]>
            </message>
            <full-stacktrace>
              <![CDATA[org.openqa.selenium.StaleElementReferenceException: stale element reference: element is not attached to the page document
  (Session info: chrome=87.0.4280.88)
For documentation on this error, please visit: http://seleniumhq.org/exceptions/stale_element_reference.html
Build info: version: '3.11.0', revision: 'e59cfb3', time: '2018-03-11T20:26:55.152Z'
System info: host: 'IN5CG6130867', ip: '192.168.1.17', os.name: 'Windows 10', os.arch: 'amd64', os.version: '10.0', java.version: '1.8.0_201'
Driver info: org.openqa.selenium.chrome.ChromeDriver
Capabilities {acceptInsecureCerts: false, browserName: chrome, browserVersion: 87.0.4280.88, chrome: {chromedriverVersion: 87.0.4280.88 (89e2380a3e36c..., userDataDir: C:\Users\adey32\AppData\Loc...}, goog:chromeOptions: {debuggerAddress: localhost:64599}, javascriptEnabled: true, networkConnectionEnabled: false, pageLoadStrategy: normal, platform: WINDOWS, platformName: WINDOWS, proxy: Proxy(), setWindowRect: true, strictFileInteractability: false, timeouts: {implicit: 0, pageLoad: 300000, script: 30000}, unhandledPromptBehavior: dismiss and notify, webauthn:virtualAuthenticators: true}
Session ID: 7ae6f95264abb474a9449652c68dc398
	at sun.reflect.NativeConstructorAccessorImpl.newInstance0(Native Method)
	at sun.reflect.NativeConstructorAccessorImpl.newInstance(NativeConstructorAccessorImpl.java:62)
	at sun.reflect.DelegatingConstructorAccessorImpl.newInstance(DelegatingConstructorAccessorImpl.java:45)
	at java.lang.reflect.Constructor.newInstance(Constructor.java:423)
	at org.openqa.selenium.remote.http.W3CHttpResponseCodec.createException(W3CHttpResponseCodec.java:187)
	at org.openqa.selenium.remote.http.W3CHttpResponseCodec.decode(W3CHttpResponseCodec.java:122)
	at org.openqa.selenium.remote.http.W3CHttpResponseCodec.decode(W3CHttpResponseCodec.java:49)
	at org.openqa.selenium.remote.HttpCommandExecutor.execute(HttpCommandExecutor.java:158)
	at org.openqa.selenium.remote.service.DriverCommandExecutor.execute(DriverCommandExecutor.java:83)
	at org.openqa.selenium.remote.RemoteWebDriver.execute(RemoteWebDriver.java:545)
	at org.openqa.selenium.remote.RemoteWebElement.execute(RemoteWebElement.java:279)
	at org.openqa.selenium.remote.RemoteWebElement.getText(RemoteWebElement.java:160)
	at com.selenium.Recruitment.Menu(Recruitment.java:49)
	at sun.reflect.NativeMethodAccessorImpl.invoke0(Native Method)
	at sun.reflect.NativeMethodAccessorImpl.invoke(NativeMethodAccessorImpl.java:62)
	at sun.reflect.DelegatingMethodAccessorImpl.invoke(DelegatingMethodAccessorImpl.java:43)
	at java.lang.reflect.Method.invoke(Method.java:498)
	at org.testng.internal.MethodInvocationHelper.invokeMethod(MethodInvocationHelper.java:104)
	at org.testng.internal.Invoker.invokeMethod(Invoker.java:645)
	at org.testng.internal.Invoker.invokeTestMethod(Invoker.java:851)
	at org.testng.internal.Invoker.invokeTestMethods(Invoker.java:1177)
	at org.testng.internal.TestMethodWorker.invokeTestMethods(TestMethodWorker.java:129)
	at org.testng.internal.TestMethodWorker.run(TestMethodWorker.java:112)
	at org.testng.TestRunner.privateRun(TestRunner.java:756)
	at org.testng.TestRunner.run(TestRunner.java:610)
	at org.testng.SuiteRunner.runTest(SuiteRunner.java:387)
	at org.testng.SuiteRunner.runSequentially(SuiteRunner.java:382)
	at org.testng.SuiteRunner.privateRun(SuiteRunner.java:340)
	at org.testng.SuiteRunner.run(SuiteRunner.java:289)
	at org.testng.SuiteRunnerWorker.runSuite(SuiteRunnerWorker.java:52)
	at org.testng.SuiteRunnerWorker.run(SuiteRunnerWorker.java:86)
	at org.testng.TestNG.runSuitesSequentially(TestNG.java:1293)
	at org.testng.TestNG.runSuitesLocally(TestNG.java:1218)
	at org.testng.TestNG.runSuites(TestNG.java:1133)
	at org.testng.TestNG.run(TestNG.java:1104)
	at org.testng.remote.AbstractRemoteTestNG.run(AbstractRemoteTestNG.java:115)
	at org.testng.remote.RemoteTestNG.initAndRun(RemoteTestNG.java:251)
	at org.testng.remote.RemoteTestNG.main(RemoteTestNG.java:77)
]]>
            </full-stacktrace>
          </exception> <!-- org.openqa.selenium.StaleElementReferenceException -->
          <reporter-output>
          </reporter-output>
        </test-method> <!-- Menu -->
        <test-method status="PASS" signature="vacancy_search()[pri:3, instance:com.selenium.Recruitment@5af97850]" name="vacancy_search" duration-ms="623" started-at="2020-12-22T15:25:43Z" finished-at="2020-12-22T15:25:43Z">
          <reporter-output>
          </reporter-output>
        </test-method> <!-- vacancy_search -->
        <test-method status="PASS" signature="close_browser()[pri:0, instance:com.selenium.Recruitment@5af97850]" name="close_browser" is-config="true" duration-ms="1239" started-at="2020-12-22T15:25:43Z" finished-at="2020-12-22T15:25:45Z">
          <reporter-output>
          </reporter-output>
        </test-method> <!-- close_browser -->
      </class> <!-- com.selenium.Recruitment -->
    </test> <!-- HR_Orange_Test -->
  </suite> <!-- Suite -->
</testng-results>
